/home/baobao/Projects/crawldata_companies/enrichers/website.py:54: XMLParsedAsHTMLWarning: It looks like you're using an HTML parser to parse an XML document.

Assuming this really is an XML document, what you're doing might work, but you should know that using an XML parser will be more reliable. To parse this document as XML, make sure you have the Python package 'lxml' installed, and pass the keyword argument `features="xml"` into the BeautifulSoup constructor.

If you want or need to use an HTML parser on this document, you can make this warning go away by filtering it. To do that, run this code before calling the BeautifulSoup constructor:

    from bs4 import XMLParsedAsHTMLWarning
    import warnings

    warnings.filterwarnings("ignore", category=XMLParsedAsHTMLWarning)

  soup = BeautifulSoup(resp.text, "lxml")
[LOAD] 256 existing (name,country) keys across 13 files

[DISCOVER] expanded SERP across 6 countries
[SERP][INDONESIA] loaded 53 from checkpoint
[SERP][THAILAND] loaded 97 from checkpoint
[SERP][MALAYSIA] loaded 69 from checkpoint
[SERP][PHILIPPINES] loaded 62 from checkpoint
[SERP][KAZAKHSTAN] loaded 106 from checkpoint
[SERP][MONGOLIA] loaded 80 from checkpoint
[DISCOVER] total raw across countries: 467
[DEDUP] 450 unique after dedup
[DEDUP] 440 after removing existing
[FILTER] 341 after generic filter
[FILTER] 311 after importer-focus filter

[ENRICH] website scrape …

[RESULT] 311 new total, 137 with email

[DONE] outputs in output/03052026/
  - output/03052026/new_companies_all.csv
  - output/03052026/new_companies_with_email.csv
  - output/03052026/new_enriched_websites.csv
  - output/03052026/new_raw.csv
  - output/03052026/raw_all_pre_dedup.csv
